[debug] [2024-07-30T08:27:20.349Z] ----------------------------------------------------------------------
[debug] [2024-07-30T08:27:20.351Z] Command:       C:\Program Files\nodejs\node.exe C:\Users\azmar\AppData\Roaming\npm\node_modules\firebase-tools\lib\bin\firebase.js init
[debug] [2024-07-30T08:27:20.352Z] CLI Version:   13.13.3
[debug] [2024-07-30T08:27:20.352Z] Platform:      win32
[debug] [2024-07-30T08:27:20.352Z] Node Version:  v20.15.0
[debug] [2024-07-30T08:27:20.352Z] Time:          Tue Jul 30 2024 16:27:20 GMT+0800 (Philippine Standard Time)
[debug] [2024-07-30T08:27:20.352Z] ----------------------------------------------------------------------
[debug] 
[debug] [2024-07-30T08:27:20.354Z] >>> [apiv2][query] GET https://firebase-public.firebaseio.com/cli.json [none]
[debug] [2024-07-30T08:27:20.393Z] > command requires scopes: ["email","openid","https://www.googleapis.com/auth/cloudplatformprojects.readonly","https://www.googleapis.com/auth/firebase","https://www.googleapis.com/auth/cloud-platform"]
[debug] [2024-07-30T08:27:20.393Z] > authorizing via signed-in user (lucman.abdulrachman@gmail.com)
[info] 
     ######## #### ########  ######## ########     ###     ######  ########
     ##        ##  ##     ## ##       ##     ##  ##   ##  ##       ##
     ######    ##  ########  ######   ########  #########  ######  ######
     ##        ##  ##    ##  ##       ##     ## ##     ##       ## ##
     ##       #### ##     ## ######## ########  ##     ##  ######  ########

You're about to initialize a Firebase project in this directory:

  C:\Users\azmar\Projects\2024\ict-summit

[debug] [2024-07-30T08:27:22.637Z] <<< [apiv2][status] GET https://firebase-public.firebaseio.com/cli.json 200
[debug] [2024-07-30T08:27:22.637Z] <<< [apiv2][body] GET https://firebase-public.firebaseio.com/cli.json {"cloudBuildErrorAfter":1594252800000,"cloudBuildWarnAfter":1590019200000,"defaultNode10After":1594252800000,"minVersion":"3.0.5","node8DeploysDisabledAfter":1613390400000,"node8RuntimeDisabledAfter":1615809600000,"node8WarnAfter":1600128000000}
[info] 
=== Project Setup
[info] 
[info] First, let's associate this project directory with a Firebase project.
[info] You can create multiple project aliases by running firebase use --add, 
[info] but for now we'll just set up a default project.
[info] 
[info] i  If you want to create a project in a Google Cloud organization or folder, please use "firebase projects:create" instead, and return to this command when you've created the project. 
[debug] [2024-07-30T08:29:13.211Z] > refreshing access token with scopes: []
[debug] [2024-07-30T08:29:13.212Z] >>> [apiv2][query] POST https://www.googleapis.com/oauth2/v3/token [none]
[debug] [2024-07-30T08:29:13.212Z] >>> [apiv2][body] POST https://www.googleapis.com/oauth2/v3/token [omitted]
[debug] [2024-07-30T08:29:15.341Z] <<< [apiv2][status] POST https://www.googleapis.com/oauth2/v3/token 200
[debug] [2024-07-30T08:29:15.342Z] <<< [apiv2][body] POST https://www.googleapis.com/oauth2/v3/token [omitted]
[debug] [2024-07-30T08:29:15.349Z] >>> [apiv2][query] POST https://cloudresourcemanager.googleapis.com/v1/projects [none]
[debug] [2024-07-30T08:29:15.350Z] >>> [apiv2][body] POST https://cloudresourcemanager.googleapis.com/v1/projects {"projectId":"ranao-ict-summit","name":"ranao-ict-summit"}
[debug] [2024-07-30T08:29:19.614Z] <<< [apiv2][status] POST https://cloudresourcemanager.googleapis.com/v1/projects 200
[debug] [2024-07-30T08:29:19.614Z] <<< [apiv2][body] POST https://cloudresourcemanager.googleapis.com/v1/projects {"name":"operations/cp.5398372458435923208"}
[debug] [2024-07-30T08:29:19.615Z] >>> [apiv2][query] GET https://cloudresourcemanager.googleapis.com/v1/operations/cp.5398372458435923208 [none]
[debug] [2024-07-30T08:29:21.027Z] <<< [apiv2][status] GET https://cloudresourcemanager.googleapis.com/v1/operations/cp.5398372458435923208 200
[debug] [2024-07-30T08:29:21.028Z] <<< [apiv2][body] GET https://cloudresourcemanager.googleapis.com/v1/operations/cp.5398372458435923208 {"name":"operations/cp.5398372458435923208"}
[debug] [2024-07-30T08:29:21.539Z] [Project Creation Poller] Retrying task index 0
[debug] [2024-07-30T08:29:21.540Z] >>> [apiv2][query] GET https://cloudresourcemanager.googleapis.com/v1/operations/cp.5398372458435923208 [none]
[debug] [2024-07-30T08:29:22.962Z] <<< [apiv2][status] GET https://cloudresourcemanager.googleapis.com/v1/operations/cp.5398372458435923208 200
[debug] [2024-07-30T08:29:22.963Z] <<< [apiv2][body] GET https://cloudresourcemanager.googleapis.com/v1/operations/cp.5398372458435923208 {"name":"operations/cp.5398372458435923208","metadata":{"@type":"type.googleapis.com/google.cloudresourcemanager.v1.ProjectCreationStatus","gettable":true}}
[debug] [2024-07-30T08:29:23.971Z] [Project Creation Poller] Retrying task index 0
[debug] [2024-07-30T08:29:23.972Z] >>> [apiv2][query] GET https://cloudresourcemanager.googleapis.com/v1/operations/cp.5398372458435923208 [none]
[debug] [2024-07-30T08:29:25.634Z] <<< [apiv2][status] GET https://cloudresourcemanager.googleapis.com/v1/operations/cp.5398372458435923208 200
[debug] [2024-07-30T08:29:25.634Z] <<< [apiv2][body] GET https://cloudresourcemanager.googleapis.com/v1/operations/cp.5398372458435923208 {"name":"operations/cp.5398372458435923208","metadata":{"@type":"type.googleapis.com/google.cloudresourcemanager.v1.ProjectCreationStatus","gettable":true,"ready":true},"done":true,"response":{"@type":"type.googleapis.com/google.cloudresourcemanager.v1.Project","projectNumber":"644421892878","projectId":"ranao-ict-summit","lifecycleState":"ACTIVE","name":"ranao-ict-summit","createTime":"2024-07-30T08:29:22.012091Z"}}
[debug] [2024-07-30T08:29:25.636Z] >>> [apiv2][query] POST https://firebase.googleapis.com/v1beta1/projects/ranao-ict-summit:addFirebase [none]
[debug] [2024-07-30T08:29:30.521Z] <<< [apiv2][status] POST https://firebase.googleapis.com/v1beta1/projects/ranao-ict-summit:addFirebase 200
[debug] [2024-07-30T08:29:30.521Z] <<< [apiv2][body] POST https://firebase.googleapis.com/v1beta1/projects/ranao-ict-summit:addFirebase {"name":"operations/workflows/N2JlNzdkMjAtODNlOS00OTg5LTljNmQtNzc3N2RmZDY2ZGJk"}
[debug] [2024-07-30T08:29:30.521Z] >>> [apiv2][query] GET https://firebase.googleapis.com/v1beta1/operations/workflows/N2JlNzdkMjAtODNlOS00OTg5LTljNmQtNzc3N2RmZDY2ZGJk [none]
[debug] [2024-07-30T08:29:31.670Z] <<< [apiv2][status] GET https://firebase.googleapis.com/v1beta1/operations/workflows/N2JlNzdkMjAtODNlOS00OTg5LTljNmQtNzc3N2RmZDY2ZGJk 200
[debug] [2024-07-30T08:29:31.670Z] <<< [apiv2][body] GET https://firebase.googleapis.com/v1beta1/operations/workflows/N2JlNzdkMjAtODNlOS00OTg5LTljNmQtNzc3N2RmZDY2ZGJk {"name":"operations/workflows/N2JlNzdkMjAtODNlOS00OTg5LTljNmQtNzc3N2RmZDY2ZGJk"}
[debug] [2024-07-30T08:29:32.186Z] [Add Firebase Poller] Retrying task index 0
[debug] [2024-07-30T08:29:32.187Z] >>> [apiv2][query] GET https://firebase.googleapis.com/v1beta1/operations/workflows/N2JlNzdkMjAtODNlOS00OTg5LTljNmQtNzc3N2RmZDY2ZGJk [none]
[debug] [2024-07-30T08:29:33.669Z] <<< [apiv2][status] GET https://firebase.googleapis.com/v1beta1/operations/workflows/N2JlNzdkMjAtODNlOS00OTg5LTljNmQtNzc3N2RmZDY2ZGJk 200
[debug] [2024-07-30T08:29:33.669Z] <<< [apiv2][body] GET https://firebase.googleapis.com/v1beta1/operations/workflows/N2JlNzdkMjAtODNlOS00OTg5LTljNmQtNzc3N2RmZDY2ZGJk {"name":"operations/workflows/N2JlNzdkMjAtODNlOS00OTg5LTljNmQtNzc3N2RmZDY2ZGJk"}
[debug] [2024-07-30T08:29:34.683Z] [Add Firebase Poller] Retrying task index 0
[debug] [2024-07-30T08:29:34.684Z] >>> [apiv2][query] GET https://firebase.googleapis.com/v1beta1/operations/workflows/N2JlNzdkMjAtODNlOS00OTg5LTljNmQtNzc3N2RmZDY2ZGJk [none]
[debug] [2024-07-30T08:29:35.511Z] <<< [apiv2][status] GET https://firebase.googleapis.com/v1beta1/operations/workflows/N2JlNzdkMjAtODNlOS00OTg5LTljNmQtNzc3N2RmZDY2ZGJk 200
[debug] [2024-07-30T08:29:35.512Z] <<< [apiv2][body] GET https://firebase.googleapis.com/v1beta1/operations/workflows/N2JlNzdkMjAtODNlOS00OTg5LTljNmQtNzc3N2RmZDY2ZGJk {"name":"operations/workflows/N2JlNzdkMjAtODNlOS00OTg5LTljNmQtNzc3N2RmZDY2ZGJk"}
[debug] [2024-07-30T08:29:37.516Z] [Add Firebase Poller] Retrying task index 0
[debug] [2024-07-30T08:29:37.517Z] >>> [apiv2][query] GET https://firebase.googleapis.com/v1beta1/operations/workflows/N2JlNzdkMjAtODNlOS00OTg5LTljNmQtNzc3N2RmZDY2ZGJk [none]
[debug] [2024-07-30T08:29:38.953Z] <<< [apiv2][status] GET https://firebase.googleapis.com/v1beta1/operations/workflows/N2JlNzdkMjAtODNlOS00OTg5LTljNmQtNzc3N2RmZDY2ZGJk 200
[debug] [2024-07-30T08:29:38.954Z] <<< [apiv2][body] GET https://firebase.googleapis.com/v1beta1/operations/workflows/N2JlNzdkMjAtODNlOS00OTg5LTljNmQtNzc3N2RmZDY2ZGJk {"name":"operations/workflows/N2JlNzdkMjAtODNlOS00OTg5LTljNmQtNzc3N2RmZDY2ZGJk"}
[debug] [2024-07-30T08:29:42.962Z] [Add Firebase Poller] Retrying task index 0
[debug] [2024-07-30T08:29:42.963Z] >>> [apiv2][query] GET https://firebase.googleapis.com/v1beta1/operations/workflows/N2JlNzdkMjAtODNlOS00OTg5LTljNmQtNzc3N2RmZDY2ZGJk [none]
[debug] [2024-07-30T08:29:44.123Z] <<< [apiv2][status] GET https://firebase.googleapis.com/v1beta1/operations/workflows/N2JlNzdkMjAtODNlOS00OTg5LTljNmQtNzc3N2RmZDY2ZGJk 200
[debug] [2024-07-30T08:29:44.123Z] <<< [apiv2][body] GET https://firebase.googleapis.com/v1beta1/operations/workflows/N2JlNzdkMjAtODNlOS00OTg5LTljNmQtNzc3N2RmZDY2ZGJk {"name":"operations/workflows/N2JlNzdkMjAtODNlOS00OTg5LTljNmQtNzc3N2RmZDY2ZGJk","done":true,"response":{"@type":"type.googleapis.com/google.firebase.service.v1beta1.FirebaseProject","projectId":"ranao-ict-summit","projectNumber":"644421892878","displayName":"ranao-ict-summit","name":"projects/ranao-ict-summit","resources":{"hostingSite":"ranao-ict-summit"}}}
[info] 
[info] === Your Firebase project is ready! ===
[info] 
[info] Project information:
[info]    - Project ID: ranao-ict-summit
[info]    - Project Name: ranao-ict-summit
[info] 
[info] Firebase console is available at
[info] https://console.firebase.google.com/project/ranao-ict-summit/overview
[info] i  Using project ranao-ict-summit (ranao-ict-summit) 
[info] 
=== Database Setup
[info] i  database: ensuring required API firebasedatabase.googleapis.com is enabled... 
[debug] [2024-07-30T08:29:44.143Z] >>> [apiv2][query] GET https://serviceusage.googleapis.com/v1/projects/ranao-ict-summit/services/firebasedatabase.googleapis.com [none]
[debug] [2024-07-30T08:29:44.143Z] >>> [apiv2][(partial)header] GET https://serviceusage.googleapis.com/v1/projects/ranao-ict-summit/services/firebasedatabase.googleapis.com x-goog-quota-user=projects/ranao-ict-summit
[debug] [2024-07-30T08:29:48.743Z] <<< [apiv2][status] GET https://serviceusage.googleapis.com/v1/projects/ranao-ict-summit/services/firebasedatabase.googleapis.com 200
[debug] [2024-07-30T08:29:48.743Z] <<< [apiv2][body] GET https://serviceusage.googleapis.com/v1/projects/ranao-ict-summit/services/firebasedatabase.googleapis.com [omitted]
[warn] !  database: missing required API firebasedatabase.googleapis.com. Enabling now... 
[debug] [2024-07-30T08:29:48.744Z] >>> [apiv2][query] POST https://serviceusage.googleapis.com/v1/projects/ranao-ict-summit/services/firebasedatabase.googleapis.com:enable [none]
[debug] [2024-07-30T08:29:48.744Z] >>> [apiv2][(partial)header] POST https://serviceusage.googleapis.com/v1/projects/ranao-ict-summit/services/firebasedatabase.googleapis.com:enable x-goog-quota-user=projects/ranao-ict-summit
[debug] [2024-07-30T08:29:51.222Z] <<< [apiv2][status] POST https://serviceusage.googleapis.com/v1/projects/ranao-ict-summit/services/firebasedatabase.googleapis.com:enable 200
[debug] [2024-07-30T08:29:51.222Z] <<< [apiv2][body] POST https://serviceusage.googleapis.com/v1/projects/ranao-ict-summit/services/firebasedatabase.googleapis.com:enable [omitted]
[debug] [2024-07-30T08:30:01.233Z] >>> [apiv2][query] GET https://serviceusage.googleapis.com/v1/projects/ranao-ict-summit/services/firebasedatabase.googleapis.com [none]
[debug] [2024-07-30T08:30:01.233Z] >>> [apiv2][(partial)header] GET https://serviceusage.googleapis.com/v1/projects/ranao-ict-summit/services/firebasedatabase.googleapis.com x-goog-quota-user=projects/ranao-ict-summit
[debug] [2024-07-30T08:30:19.904Z] <<< [apiv2][status] GET https://serviceusage.googleapis.com/v1/projects/ranao-ict-summit/services/firebasedatabase.googleapis.com 200
[debug] [2024-07-30T08:30:19.904Z] <<< [apiv2][body] GET https://serviceusage.googleapis.com/v1/projects/ranao-ict-summit/services/firebasedatabase.googleapis.com [omitted]
[info] +  database: required API firebasedatabase.googleapis.com is enabled 
[info] 
[debug] [2024-07-30T08:30:19.908Z] >>> [apiv2][query] GET https://firebase.googleapis.com/v1beta1/projects/ranao-ict-summit [none]
[debug] [2024-07-30T08:30:30.746Z] <<< [apiv2][status] GET https://firebase.googleapis.com/v1beta1/projects/ranao-ict-summit 200
[debug] [2024-07-30T08:30:30.746Z] <<< [apiv2][body] GET https://firebase.googleapis.com/v1beta1/projects/ranao-ict-summit {"projectId":"ranao-ict-summit","projectNumber":"644421892878","displayName":"ranao-ict-summit","name":"projects/ranao-ict-summit","resources":{"hostingSite":"ranao-ict-summit"},"state":"ACTIVE","etag":"1_cc951c35-9f46-4984-b5eb-17c9969af5b2"}
[debug] [2024-07-30T08:32:47.948Z] >>> [apiv2][query] POST https://firebasedatabase.googleapis.com/v1beta/projects/ranao-ict-summit/locations/asia-southeast1/instances databaseId=ranao-ict-summit-default-rtdb&validateOnly=true
[debug] [2024-07-30T08:32:47.948Z] >>> [apiv2][body] POST https://firebasedatabase.googleapis.com/v1beta/projects/ranao-ict-summit/locations/asia-southeast1/instances {"type":"default_database"}
[debug] [2024-07-30T08:32:57.951Z] *** [apiv2] error from fetch(https://firebasedatabase.googleapis.com/v1beta/projects/ranao-ict-summit/locations/asia-southeast1/instances?databaseId=ranao-ict-summit-default-rtdb&validateOnly=true, {"headers":{},"method":"POST","signal":{},"body":"{\"type\":\"default_database\"}"}): AbortError: The user aborted a request.
[debug] [2024-07-30T08:32:57.951Z] Invalid Realtime Database instance name: ranao-ict-summit-default-rtdb. Timeout reached making request to https://firebasedatabase.googleapis.com/v1beta/projects/ranao-ict-summit/locations/asia-southeast1/instances?databaseId=ranao-ict-summit-default-rtdb&validateOnly=true
[debug] [2024-07-30T08:33:02.968Z] Error: Timed out.
    at Timeout._onTimeout (C:\Users\azmar\AppData\Roaming\npm\node_modules\firebase-tools\lib\utils.js:268:49)
    at listOnTimeout (node:internal/timers:573:17)
    at process.processTimers (node:internal/timers:514:7)
[error] 
[error] Error: An unexpected error has occurred.
[debug] [2024-07-30T08:42:10.701Z] ----------------------------------------------------------------------
[debug] [2024-07-30T08:42:10.704Z] Command:       C:\Program Files\nodejs\node.exe C:\Users\azmar\AppData\Roaming\npm\node_modules\firebase-tools\lib\bin\firebase.js init
[debug] [2024-07-30T08:42:10.705Z] CLI Version:   13.13.3
[debug] [2024-07-30T08:42:10.705Z] Platform:      win32
[debug] [2024-07-30T08:42:10.705Z] Node Version:  v20.15.0
[debug] [2024-07-30T08:42:10.705Z] Time:          Tue Jul 30 2024 16:42:10 GMT+0800 (Philippine Standard Time)
[debug] [2024-07-30T08:42:10.705Z] ----------------------------------------------------------------------
[debug] 
[debug] [2024-07-30T08:42:10.712Z] > command requires scopes: ["email","openid","https://www.googleapis.com/auth/cloudplatformprojects.readonly","https://www.googleapis.com/auth/firebase","https://www.googleapis.com/auth/cloud-platform"]
[debug] [2024-07-30T08:42:10.713Z] > authorizing via signed-in user (lucman.abdulrachman@gmail.com)
[info] 
     ######## #### ########  ######## ########     ###     ######  ########
     ##        ##  ##     ## ##       ##     ##  ##   ##  ##       ##
     ######    ##  ########  ######   ########  #########  ######  ######
     ##        ##  ##    ##  ##       ##     ## ##     ##       ## ##
     ##       #### ##     ## ######## ########  ##     ##  ######  ########

You're about to initialize a Firebase project in this directory:

  C:\Users\azmar\Projects\2024\ict-summit

[info] 
=== Project Setup
[info] 
[info] First, let's associate this project directory with a Firebase project.
[info] You can create multiple project aliases by running firebase use --add, 
[info] but for now we'll just set up a default project.
[info] 
[debug] [2024-07-30T08:42:23.485Z] >>> [apiv2][query] GET https://firebase.googleapis.com/v1beta1/projects pageSize=100
[debug] [2024-07-30T08:42:24.766Z] <<< [apiv2][status] GET https://firebase.googleapis.com/v1beta1/projects 200
[debug] [2024-07-30T08:42:24.766Z] <<< [apiv2][body] GET https://firebase.googleapis.com/v1beta1/projects [omitted]
[info] i  Using project ranao-ict-summit (ranao-ict-summit) 
[info] 
=== Hosting Setup
[debug] [2024-07-30T08:42:31.095Z] >>> [apiv2][query] GET https://firebase.googleapis.com/v1beta1/projects/ranao-ict-summit [none]
[debug] [2024-07-30T08:42:31.855Z] <<< [apiv2][status] GET https://firebase.googleapis.com/v1beta1/projects/ranao-ict-summit 200
[debug] [2024-07-30T08:42:31.856Z] <<< [apiv2][body] GET https://firebase.googleapis.com/v1beta1/projects/ranao-ict-summit {"projectId":"ranao-ict-summit","projectNumber":"644421892878","displayName":"ranao-ict-summit","name":"projects/ranao-ict-summit","resources":{"hostingSite":"ranao-ict-summit"},"state":"ACTIVE","etag":"1_cc951c35-9f46-4984-b5eb-17c9969af5b2"}
[info] 
[info] Your public directory is the folder (relative to your project directory) that
[info] will contain Hosting assets to be uploaded with firebase deploy. If you
[info] have a build process for your assets, use your build's output directory.
[info] 
[debug] [2024-07-30T08:43:35.287Z] >>> [apiv2][query] GET https://www.gstatic.com/firebasejs/releases.json [none]
[debug] [2024-07-30T08:43:36.467Z] <<< [apiv2][status] GET https://www.gstatic.com/firebasejs/releases.json 200
[debug] [2024-07-30T08:43:36.467Z] <<< [apiv2][body] GET https://www.gstatic.com/firebasejs/releases.json {"current":{"version":"10.12.4","browserURL":"https://www.gstatic.com/firebasejs/10.12.4/firebase.js","packageURL":"https://www.gstatic.com/firebasejs/10.12.4/firebase.tgz"},"live":{"version":"10.12","browserURL":"https://www.gstatic.com/firebasejs/live/10.12/firebase.js","packageURL":"https://www.gstatic.com/firebasejs/live/10.12/firebase.tgz"},"components":{"analytics":"https://www.gstatic.com/firebasejs/10.12.4/firebase-analytics.js","app":"https://www.gstatic.com/firebasejs/10.12.4/firebase-app.js","app-check":"https://www.gstatic.com/firebasejs/10.12.4/firebase-app-check.js","auth":"https://www.gstatic.com/firebasejs/10.12.4/firebase-auth.js","auth/cordova":"https://www.gstatic.com/firebasejs/10.12.4/firebase-auth/cordova.js","auth/web-extension":"https://www.gstatic.com/firebasejs/10.12.4/firebase-auth/web-extension.js","functions":"https://www.gstatic.com/firebasejs/10.12.4/firebase-functions.js","firestore":"https://www.gstatic.com/firebasejs/10.12.4/firebase-firestore.js","firestore/lite":"https://www.gstatic.com/firebasejs/10.12.4/firebase-firestore/lite.js","installations":"https://www.gstatic.com/firebasejs/10.12.4/firebase-installations.js","storage":"https://www.gstatic.com/firebasejs/10.12.4/firebase-storage.js","performance":"https://www.gstatic.com/firebasejs/10.12.4/firebase-performance.js","remote-config":"https://www.gstatic.com/firebasejs/10.12.4/firebase-remote-config.js","messaging":"https://www.gstatic.com/firebasejs/10.12.4/firebase-messaging.js","messaging/sw":"https://www.gstatic.com/firebasejs/10.12.4/firebase-messaging/sw.js","database":"https://www.gstatic.com/firebasejs/10.12.4/firebase-database.js","vertexai-preview":"https://www.gstatic.com/firebasejs/10.12.4/firebase-vertexai-preview.js","firestore.memory":"https://www.gstatic.com/firebasejs/10.12.4/firebase-firestore.memory.js"}}
[info] +  Wrote dist/index.html 
[info] 
[info] i  Didn't detect a .git folder. Assuming C:\Users\azmar\Projects\2024\ict-summit is the project root. 
[info] i  Authorizing with GitHub to upload your service account to a GitHub repository's secrets store. 
[info] 
[info] Visit this URL on this device to log in:
[info] https://github.com/login/oauth/authorize?client_id=89cf50f02ac6aaed3484&state=498487385&redirect_uri=http%3A%2F%2Flocalhost%3A9005&scope=read%3Auser%20repo%20public_repo
[info] 
[info] Waiting for authentication...
[debug] [2024-07-30T08:43:39.796Z] >>> [apiv2][query] POST https://github.com/login/oauth/access_token [none]
[debug] [2024-07-30T08:43:39.797Z] >>> [apiv2][body] POST https://github.com/login/oauth/access_token [stream]
[debug] [2024-07-30T08:43:41.169Z] <<< [apiv2][status] POST https://github.com/login/oauth/access_token 200
[debug] [2024-07-30T08:43:41.169Z] <<< [apiv2][body] POST https://github.com/login/oauth/access_token {"access_token":"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","token_type":"bearer","scope":"read:user,repo"}
[debug] [2024-07-30T08:43:41.175Z] >>> [apiv2][query] GET https://api.github.com/user [none]
[debug] [2024-07-30T08:43:42.713Z] <<< [apiv2][status] GET https://api.github.com/user 200
[debug] [2024-07-30T08:43:42.713Z] <<< [apiv2][body] GET https://api.github.com/user {"login":"fencim","id":187711,"node_id":"MDQ6VXNlcjE4NzcxMQ==","avatar_url":"https://avatars.githubusercontent.com/u/187711?v=4","gravatar_id":"","url":"https://api.github.com/users/fencim","html_url":"https://github.com/fencim","followers_url":"https://api.github.com/users/fencim/followers","following_url":"https://api.github.com/users/fencim/following{/other_user}","gists_url":"https://api.github.com/users/fencim/gists{/gist_id}","starred_url":"https://api.github.com/users/fencim/starred{/owner}{/repo}","subscriptions_url":"https://api.github.com/users/fencim/subscriptions","organizations_url":"https://api.github.com/users/fencim/orgs","repos_url":"https://api.github.com/users/fencim/repos","events_url":"https://api.github.com/users/fencim/events{/privacy}","received_events_url":"https://api.github.com/users/fencim/received_events","type":"User","site_admin":false,"name":"Lucman Abdulrachman","company":"ITS Marawi","blog":"","location":"Marawi City","email":"fencim@gmail.com","hireable":null,"bio":null,"twitter_username":null,"public_repos":20,"public_gists":2,"followers":28,"following":6,"created_at":"2010-01-22T14:36:33Z","updated_at":"2024-07-04T14:05:29Z","private_gists":0,"total_private_repos":10,"owned_private_repos":10,"disk_usage":36154,"collaborators":7,"two_factor_authentication":true,"plan":{"name":"free","space":976562499,"collaborators":0,"private_repos":10000}}
[info] 
[info] +  Success! Logged into GitHub as fencim 
[info] 
[debug] [2024-07-30T08:43:54.547Z] >>> [apiv2][query] GET https://api.github.com/repos//actions/secrets/public-key type=owner
[debug] [2024-07-30T08:43:55.292Z] <<< [apiv2][status] GET https://api.github.com/repos//actions/secrets/public-key 404
[debug] [2024-07-30T08:43:55.292Z] <<< [apiv2][body] GET https://api.github.com/repos//actions/secrets/public-key {"message":"Not Found","documentation_url":"https://docs.github.com/rest","status":"404"}
[info] 
[info] 
[error] !  The provided authorization cannot be used with this repository. If this repository is in an organization, did you remember to grant access? 
[info] 
[info] i  Action required: Visit this URL to ensure access has been granted to the appropriate organization(s) for the Firebase CLI GitHub OAuth App: 
[info] https://github.com/settings/connections/applications/89cf50f02ac6aaed3484
[info] 
